<?xml version="1.0" encoding="UTF-8"?>
<coverage generated="1755786976250" clover="3.2.0">
  <project timestamp="1755786976251" name="All files">
    <metrics statements="9" coveredstatements="9" conditionals="2" coveredconditionals="2" methods="3" coveredmethods="3" elements="14" coveredelements="14" complexity="0" loc="9" ncloc="9" packages="2" files="2" classes="2"/>
    <package name="components">
      <metrics statements="5" coveredstatements="5" conditionals="0" coveredconditionals="0" methods="2" coveredmethods="2"/>
      <file name="button.tsx" path="/Users/yoannlhostis/Documents/tests/src/components/button.tsx">
        <metrics statements="5" coveredstatements="5" conditionals="0" coveredconditionals="0" methods="2" coveredmethods="2"/>
        <line num="1" count="2" type="stmt"/>
        <line num="3" count="2" type="stmt"/>
        <line num="4" count="3" type="stmt"/>
        <line num="5" count="3" type="stmt"/>
        <line num="9" count="1" type="stmt"/>
      </file>
    </package>
    <package name="functions">
      <metrics statements="4" coveredstatements="4" conditionals="2" coveredconditionals="2" methods="1" coveredmethods="1"/>
      <file name="hello-world.ts" path="/Users/yoannlhostis/Documents/tests/src/functions/hello-world.ts">
        <metrics statements="4" coveredstatements="4" conditionals="2" coveredconditionals="2" methods="1" coveredmethods="1"/>
        <line num="10" count="1" type="stmt"/>
        <line num="11" count="2" type="cond" truecount="2" falsecount="0"/>
        <line num="12" count="1" type="stmt"/>
        <line num="14" count="1" type="stmt"/>
      </file>
    </package>
  </project>
</coverage>
